{
  "RSpec": {
    "coverage": {
      "/Users/nickbutler/Projects/wk10/bank_test/spec/account_spec.rb": {
        "lines": [
          1,
          1,
          null,
          1,
          1,
          1,
          null,
          null,
          1,
          1,
          null,
          null,
          1,
          1,
          null,
          null,
          1,
          1,
          1,
          null,
          null,
          1,
          1,
          null,
          null,
          1,
          1,
          1,
          null,
          null,
          1,
          1,
          1,
          null,
          null,
          1,
          1,
          1,
          null,
          null,
          null
        ]
      },
      "/Users/nickbutler/Projects/wk10/bank_test/lib/account.rb": {
        "lines": [
          1,
          null,
          1,
          null,
          1,
          1,
          1,
          null,
          1,
          8,
          8,
          8,
          null,
          null,
          1,
          4,
          4,
          null,
          null,
          1,
          2,
          null,
          2,
          2,
          null,
          null,
          1,
          0,
          0,
          null,
          null,
          1,
          null,
          1,
          4,
          4,
          null,
          null,
          1,
          2,
          2,
          null,
          null,
          1,
          null
        ]
      },
      "/Users/nickbutler/Projects/wk10/bank_test/lib/statement.rb": {
        "lines": [
          1,
          null,
          1,
          null,
          1,
          9,
          9,
          9,
          9,
          null,
          null,
          1,
          1,
          null,
          null,
          null
        ]
      },
      "/Users/nickbutler/Projects/wk10/bank_test/spec/transaction_helper.rb": {
        "lines": [
          1,
          2,
          null,
          null,
          1,
          2,
          2,
          null
        ]
      },
      "/Users/nickbutler/Projects/wk10/bank_test/spec/statement_spec.rb": {
        "lines": [
          1,
          null,
          1,
          1,
          1,
          null,
          null,
          1,
          1,
          1,
          1,
          null,
          null,
          1,
          1,
          1,
          null,
          null,
          null
        ]
      }
    },
    "timestamp": 1594661199
  }
}
