{
  "RSpec": {
    "coverage": {
      "/Users/nickbutler/Projects/wk10/bank_test/spec/account_spec.rb": {
        "lines": [
          1,
          1,
          null,
          1,
          1,
          1,
          null,
          null,
          1,
          1,
          null,
          null,
          1,
          1,
          null,
          null,
          1,
          1,
          1,
          null,
          null,
          1,
          1,
          1,
          null,
          null,
          1,
          1,
          null,
          null,
          1,
          1,
          1,
          null,
          null,
          1,
          1,
          1,
          1,
          null,
          null,
          1,
          1,
          1,
          null,
          null,
          1,
          1,
          1,
          null,
          null,
          null
        ]
      },
      "/Users/nickbutler/Projects/wk10/bank_test/lib/account.rb": {
        "lines": [
          1,
          null,
          1,
          null,
          1,
          1,
          1,
          null,
          1,
          10,
          10,
          10,
          null,
          null,
          1,
          6,
          6,
          6,
          null,
          null,
          1,
          3,
          null,
          3,
          3,
          3,
          null,
          null,
          1,
          0,
          null,
          null,
          1,
          null,
          1,
          6,
          6,
          null,
          null,
          1,
          3,
          3,
          null,
          null,
          1,
          null
        ]
      },
      "/Users/nickbutler/Projects/wk10/bank_test/lib/statement.rb": {
        "lines": [
          1,
          null,
          1,
          null,
          1,
          12,
          12,
          12,
          12,
          null,
          null,
          1,
          1,
          null,
          null,
          null
        ]
      },
      "/Users/nickbutler/Projects/wk10/bank_test/spec/transaction_helper.rb": {
        "lines": [
          1,
          3,
          null,
          null,
          1,
          2,
          2,
          null
        ]
      },
      "/Users/nickbutler/Projects/wk10/bank_test/spec/statement_spec.rb": {
        "lines": [
          1,
          null,
          1,
          1,
          1,
          null,
          null,
          1,
          1,
          1,
          1,
          null,
          null,
          1,
          1,
          1,
          1,
          null,
          null,
          null
        ]
      }
    },
    "timestamp": 1594719586
  }
}
